<?xml version="1.0" encoding="UTF-8"?>
<!-- Generated by org.testng.reporters.JUnitReportReporter -->
<testsuite hostname="HYDLPT850" failures="0" tests="1" name="Maven.SeleniumPractise.AppTest" time="0.014" errors="0" timestamp="2020-02-24T12:55:04 IST" skipped="0">
  <testcase classname="Maven.SeleniumPractise.AppTest" name="shouldAnswerWithTrue" time="0.014"/>
</testsuite> <!-- Maven.SeleniumPractise.AppTest -->
